生成启动时间为 2016/5/5 16:53:30。
     1>项目“G:\code\vs2010\wenjian\C++作业\maze\maze\maze.vcxproj”在节点 2 上(build 个目标)。
     1>InitializeBuildStatus:
         正在创建“Debug\maze.unsuccessfulbuild”，因为已指定“AlwaysCreate”。
       ClCompile:
         g:\code\vs2010\VC\bin\CL.exe /c /ZI /nologo /W3 /WX- /Od /Oy- /D WIN32 /D _DEBUG /D _CONSOLE /D _UNICODE /D UNICODE /Gm /EHsc /RTC1 /MDd /GS /fp:precise /Zc:wchar_t /Zc:forScope /Fo"Debug\\" /Fd"Debug\vc100.pdb" /Gd /TP /analyze- /errorReport:prompt function.cpp
         function.cpp
     1>g:\code\vs2010\wenjian\c++作业\maze\maze\function.h(6): warning C4091: “extern ”: 没有声明变量时忽略“position”的左侧
     1>g:\code\vs2010\wenjian\c++作业\maze\maze\function.cpp(205): warning C4018: “<”: 有符号/无符号不匹配
       ManifestResourceCompile:
         所有输出均为最新。
       Link:
         g:\code\vs2010\VC\bin\link.exe /ERRORREPORT:PROMPT /OUT:"G:\code\vs2010\wenjian\C++作业\maze\Debug\maze.exe" /INCREMENTAL /NOLOGO kernel32.lib user32.lib gdi32.lib winspool.lib comdlg32.lib advapi32.lib shell32.lib ole32.lib oleaut32.lib uuid.lib odbc32.lib odbccp32.lib /MANIFEST /ManifestFile:"Debug\maze.exe.intermediate.manifest" /MANIFESTUAC:"level='asInvoker' uiAccess='false'" /DEBUG /PDB:"G:\code\vs2010\wenjian\C++作业\maze\Debug\maze.pdb" /SUBSYSTEM:CONSOLE /HEAP:"102400000","102400000" /STACK:"102400000","102400000" /TLBID:1 /DYNAMICBASE /NXCOMPAT /IMPLIB:"G:\code\vs2010\wenjian\C++作业\maze\Debug\maze.lib" /MACHINE:X86 Debug\maze.exe.embed.manifest.res
         Debug\function.obj
         Debug\main.obj
       Manifest:
         C:\Program Files (x86)\Microsoft SDKs\Windows\v7.0A\bin\mt.exe /nologo /verbose /out:"Debug\maze.exe.embed.manifest" /manifest Debug\maze.exe.intermediate.manifest
         所有输出均为最新。
       LinkEmbedManifest:
         所有输出均为最新。
         maze.vcxproj -> G:\code\vs2010\wenjian\C++作业\maze\Debug\maze.exe
       FinalizeBuildStatus:
         正在删除文件“Debug\maze.unsuccessfulbuild”。
         正在对“Debug\maze.lastbuildstate”执行 Touch 任务。
     1>已完成生成项目“G:\code\vs2010\wenjian\C++作业\maze\maze\maze.vcxproj”(build 个目标)的操作。

生成成功。

已用时间 00:00:01.56
